# JRE version: Java(TM) SE Runtime Environment (8.0_77-b03) (build 1.8.0_77-b03)
# Java VM: Java HotSpot(TM) 64-Bit Server VM (25.77-b03 mixed mode windows-amd64 compressed oops)
Heap:
 PSYoungGen      total 818176K, used 275832K [0x0000000780000000, 0x00000007c0000000, 0x00000007c0000000)
  eden space 592896K, 46% used [0x0000000780000000,0x0000000790d5e2d0,0x00000007a4300000)
  from space 225280K, 0% used [0x00000007a4300000,0x00000007a4300000,0x00000007b1f00000)
  to   space 218624K, 0% used [0x00000007b2a80000,0x00000007b2a80000,0x00000007c0000000)
 ParOldGen       total 2097152K, used 555124K [0x0000000700000000, 0x0000000780000000, 0x0000000780000000)
  object space 2097152K, 26% used [0x0000000700000000,0x0000000721e1d0f8,0x0000000780000000)
 Metaspace       used 87263K, capacity 87911K, committed 88832K, reserved 1126400K
  class space    used 12593K, capacity 12777K, committed 12800K, reserved 1048576K
GC Heap History (10 events):
Event: 265.211 GC heap before
{Heap before GC invocations=33 (full 6):
 PSYoungGen      total 798208K, used 34325K [0x0000000780000000, 0x00000007c0000000, 0x00000007c0000000)
  eden space 557056K, 0% used [0x0000000780000000,0x0000000780000000,0x00000007a2000000)
  from space 241152K, 14% used [0x00000007a2000000,0x00000007a4185758,0x00000007b0b80000)
  to   space 230400K, 0% used [0x00000007b1f00000,0x00000007b1f00000,0x00000007c0000000)
 ParOldGen       total 2097152K, used 532211K [0x0000000700000000, 0x0000000780000000, 0x0000000780000000)
  object space 2097152K, 25% used [0x0000000700000000,0x00000007207bced0,0x0000000780000000)
 Metaspace       used 86604K, capacity 87279K, committed 88320K, reserved 1124352K
  class space    used 12495K, capacity 12677K, committed 12800K, reserved 1048576K
Event: 267.148 GC heap after
Heap after GC invocations=33 (full 6):
 PSYoungGen      total 798208K, used 0K [0x0000000780000000, 0x00000007c0000000, 0x00000007c0000000)
  eden space 557056K, 0% used [0x0000000780000000,0x0000000780000000,0x00000007a2000000)
  from space 241152K, 0% used [0x00000007a2000000,0x00000007a2000000,0x00000007b0b80000)
  to   space 230400K, 0% used [0x00000007b1f00000,0x00000007b1f00000,0x00000007c0000000)
 ParOldGen       total 2097152K, used 552348K [0x0000000700000000, 0x0000000780000000, 0x0000000780000000)
  object space 2097152K, 26% used [0x0000000700000000,0x0000000721b67318,0x0000000780000000)
 Metaspace       used 86604K, capacity 87279K, committed 88320K, reserved 1124352K
  class space    used 12495K, capacity 12677K, committed 12800K, reserved 1048576K
}
Event: 267.256 GC heap before
{Heap before GC invocations=34 (full 6):
 PSYoungGen      total 798208K, used 19615K [0x0000000780000000, 0x00000007c0000000, 0x00000007c0000000)
  eden space 557056K, 3% used [0x0000000780000000,0x0000000781327eb8,0x00000007a2000000)
  from space 241152K, 0% used [0x00000007a2000000,0x00000007a2000000,0x00000007b0b80000)
  to   space 230400K, 0% used [0x00000007b1f00000,0x00000007b1f00000,0x00000007c0000000)
 ParOldGen       total 2097152K, used 552348K [0x0000000700000000, 0x0000000780000000, 0x0000000780000000)
  object space 2097152K, 26% used [0x0000000700000000,0x0000000721b67318,0x0000000780000000)
 Metaspace       used 86630K, capacity 87291K, committed 88320K, reserved 1124352K
  class space    used 12496K, capacity 12679K, committed 12800K, reserved 1048576K
Event: 267.263 GC heap after
Heap after GC invocations=34 (full 6):
 PSYoungGen      total 823296K, used 2969K [0x0000000780000000, 0x00000007c0000000, 0x00000007c0000000)
  eden space 592896K, 0% used [0x0000000780000000,0x0000000780000000,0x00000007a4300000)
  from space 230400K, 1% used [0x00000007b1f00000,0x00000007b21e65b0,0x00000007c0000000)
  to   space 225280K, 0% used [0x00000007a4300000,0x00000007a4300000,0x00000007b1f00000)
 ParOldGen       total 2097152K, used 552356K [0x0000000700000000, 0x0000000780000000, 0x0000000780000000)
  object space 2097152K, 26% used [0x0000000700000000,0x0000000721b69318,0x0000000780000000)
 Metaspace       used 86630K, capacity 87291K, committed 88320K, reserved 1124352K
  class space    used 12496K, capacity 12679K, committed 12800K, reserved 1048576K
}
Event: 267.263 GC heap before
{Heap before GC invocations=35 (full 7):
 PSYoungGen      total 823296K, used 2969K [0x0000000780000000, 0x00000007c0000000, 0x00000007c0000000)
  eden space 592896K, 0% used [0x0000000780000000,0x0000000780000000,0x00000007a4300000)
  from space 230400K, 1% used [0x00000007b1f00000,0x00000007b21e65b0,0x00000007c0000000)
  to   space 225280K, 0% used [0x00000007a4300000,0x00000007a4300000,0x00000007b1f00000)
 ParOldGen       total 2097152K, used 552356K [0x0000000700000000, 0x0000000780000000, 0x0000000780000000)
  object space 2097152K, 26% used [0x0000000700000000,0x0000000721b69318,0x0000000780000000)
 Metaspace       used 86630K, capacity 87291K, committed 88320K, reserved 1124352K
  class space    used 12496K, capacity 12679K, committed 12800K, reserved 1048576K
Event: 268.971 GC heap after
Heap after GC invocations=35 (full 7):
 PSYoungGen      total 823296K, used 0K [0x0000000780000000, 0x00000007c0000000, 0x00000007c0000000)
  eden space 592896K, 0% used [0x0000000780000000,0x0000000780000000,0x00000007a4300000)
  from space 230400K, 0% used [0x00000007b1f00000,0x00000007b1f00000,0x00000007c0000000)
  to   space 225280K, 0% used [0x00000007a4300000,0x00000007a4300000,0x00000007b1f00000)
 ParOldGen       total 2097152K, used 553369K [0x0000000700000000, 0x0000000780000000, 0x0000000780000000)
  object space 2097152K, 26% used [0x0000000700000000,0x0000000721c66688,0x0000000780000000)
 Metaspace       used 86630K, capacity 87291K, committed 88320K, reserved 1124352K
  class space    used 12496K, capacity 12679K, committed 12800K, reserved 1048576K
}
Event: 269.025 GC heap before
{Heap before GC invocations=36 (full 7):
 PSYoungGen      total 823296K, used 22494K [0x0000000780000000, 0x00000007c0000000, 0x00000007c0000000)
  eden space 592896K, 3% used [0x0000000780000000,0x00000007815f7b68,0x00000007a4300000)
  from space 230400K, 0% used [0x00000007b1f00000,0x00000007b1f00000,0x00000007c0000000)
  to   space 225280K, 0% used [0x00000007a4300000,0x00000007a4300000,0x00000007b1f00000)
 ParOldGen       total 2097152K, used 553369K [0x0000000700000000, 0x0000000780000000, 0x0000000780000000)
  object space 2097152K, 26% used [0x0000000700000000,0x0000000721c66688,0x0000000780000000)
 Metaspace       used 86635K, capacity 87291K, committed 88320K, reserved 1124352K
  class space    used 12496K, capacity 12679K, committed 12800K, reserved 1048576K
Event: 269.030 GC heap after
Heap after GC invocations=36 (full 7):
 PSYoungGen      total 818176K, used 2490K [0x0000000780000000, 0x00000007c0000000, 0x00000007c0000000)
  eden space 592896K, 0% used [0x0000000780000000,0x0000000780000000,0x00000007a4300000)
  from space 225280K, 1% used [0x00000007a4300000,0x00000007a456eab0,0x00000007b1f00000)
  to   space 218624K, 0% used [0x00000007b2a80000,0x00000007b2a80000,0x00000007c0000000)
 ParOldGen       total 2097152K, used 553377K [0x0000000700000000, 0x0000000780000000, 0x0000000780000000)
  object space 2097152K, 26% used [0x0000000700000000,0x0000000721c68688,0x0000000780000000)
 Metaspace       used 86635K, capacity 87291K, committed 88320K, reserved 1124352K
  class space    used 12496K, capacity 12679K, committed 12800K, reserved 1048576K
}
Event: 269.030 GC heap before
{Heap before GC invocations=37 (full 8):
 PSYoungGen      total 818176K, used 2490K [0x0000000780000000, 0x00000007c0000000, 0x00000007c0000000)
  eden space 592896K, 0% used [0x0000000780000000,0x0000000780000000,0x00000007a4300000)
  from space 225280K, 1% used [0x00000007a4300000,0x00000007a456eab0,0x00000007b1f00000)
  to   space 218624K, 0% used [0x00000007b2a80000,0x00000007b2a80000,0x00000007c0000000)
 ParOldGen       total 2097152K, used 553377K [0x0000000700000000, 0x0000000780000000, 0x0000000780000000)
  object space 2097152K, 26% used [0x0000000700000000,0x0000000721c68688,0x0000000780000000)
 Metaspace       used 86635K, capacity 87291K, committed 88320K, reserved 1124352K
  class space    used 12496K, capacity 12679K, committed 12800K, reserved 1048576K
Event: 270.028 GC heap after
Heap after GC invocations=37 (full 8):
 PSYoungGen      total 818176K, used 0K [0x0000000780000000, 0x00000007c0000000, 0x00000007c0000000)
  eden space 592896K, 0% used [0x0000000780000000,0x0000000780000000,0x00000007a4300000)
  from space 225280K, 0% used [0x00000007a4300000,0x00000007a4300000,0x00000007b1f00000)
  to   space 218624K, 0% used [0x00000007b2a80000,0x00000007b2a80000,0x00000007c0000000)
 ParOldGen       total 2097152K, used 555124K [0x0000000700000000, 0x0000000780000000, 0x0000000780000000)
  object space 2097152K, 26% used [0x0000000700000000,0x0000000721e1d0f8,0x0000000780000000)
 Metaspace       used 86635K, capacity 87291K, committed 88320K, reserved 1124352K
  class space    used 12496K, capacity 12679K, committed 12800K, reserved 1048576K
}

