# JRE version: Java(TM) SE Runtime Environment (8.0_91-b14) (build 1.8.0_91-b14)
# Java VM: Java HotSpot(TM) 64-Bit Server VM (25.91-b14 mixed mode windows-amd64 compressed oops)
Heap:
 PSYoungGen      total 924672K, used 280317K [0x0000000780000000, 0x00000007c0000000, 0x00000007c0000000)
  eden space 802304K, 34% used [0x0000000780000000,0x00000007911bf778,0x00000007b0f80000)
  from space 122368K, 0% used [0x00000007b0f80000,0x00000007b0f80000,0x00000007b8700000)
  to   space 120320K, 0% used [0x00000007b8a80000,0x00000007b8a80000,0x00000007c0000000)
 ParOldGen       total 2097152K, used 603602K [0x0000000700000000, 0x0000000780000000, 0x0000000780000000)
  object space 2097152K, 28% used [0x0000000700000000,0x0000000724d748b8,0x0000000780000000)
 Metaspace       used 88817K, capacity 89460K, committed 90328K, reserved 1126400K
  class space    used 12616K, capacity 12777K, committed 12800K, reserved 1048576K
GC Heap History (10 events):
Event: 783.783 GC heap before
{Heap before GC invocations=47 (full 6):
 PSYoungGen      total 910336K, used 39568K [0x0000000780000000, 0x00000007c0000000, 0x00000007c0000000)
  eden space 779264K, 0% used [0x0000000780000000,0x0000000780000000,0x00000007af900000)
  from space 131072K, 30% used [0x00000007af900000,0x00000007b1fa4308,0x00000007b7900000)
  to   space 123904K, 0% used [0x00000007b8700000,0x00000007b8700000,0x00000007c0000000)
 ParOldGen       total 2097152K, used 567753K [0x0000000700000000, 0x0000000780000000, 0x0000000780000000)
  object space 2097152K, 27% used [0x0000000700000000,0x0000000722a72728,0x0000000780000000)
 Metaspace       used 88251K, capacity 88950K, committed 89816K, reserved 1126400K
  class space    used 12528K, capacity 12676K, committed 12800K, reserved 1048576K
Event: 785.966 GC heap after
Heap after GC invocations=47 (full 6):
 PSYoungGen      total 910336K, used 0K [0x0000000780000000, 0x00000007c0000000, 0x00000007c0000000)
  eden space 779264K, 0% used [0x0000000780000000,0x0000000780000000,0x00000007af900000)
  from space 131072K, 0% used [0x00000007af900000,0x00000007af900000,0x00000007b7900000)
  to   space 123904K, 0% used [0x00000007b8700000,0x00000007b8700000,0x00000007c0000000)
 ParOldGen       total 2097152K, used 589374K [0x0000000700000000, 0x0000000780000000, 0x0000000780000000)
  object space 2097152K, 28% used [0x0000000700000000,0x0000000723f8f8d0,0x0000000780000000)
 Metaspace       used 88251K, capacity 88950K, committed 89816K, reserved 1126400K
  class space    used 12528K, capacity 12676K, committed 12800K, reserved 1048576K
}
Event: 786.081 GC heap before
{Heap before GC invocations=48 (full 6):
 PSYoungGen      total 910336K, used 48656K [0x0000000780000000, 0x00000007c0000000, 0x00000007c0000000)
  eden space 779264K, 6% used [0x0000000780000000,0x0000000782f84148,0x00000007af900000)
  from space 131072K, 0% used [0x00000007af900000,0x00000007af900000,0x00000007b7900000)
  to   space 123904K, 0% used [0x00000007b8700000,0x00000007b8700000,0x00000007c0000000)
 ParOldGen       total 2097152K, used 589374K [0x0000000700000000, 0x0000000780000000, 0x0000000780000000)
  object space 2097152K, 28% used [0x0000000700000000,0x0000000723f8f8d0,0x0000000780000000)
 Metaspace       used 88277K, capacity 88956K, committed 89816K, reserved 1126400K
  class space    used 12529K, capacity 12677K, committed 12800K, reserved 1048576K
Event: 786.089 GC heap after
Heap after GC invocations=48 (full 6):
 PSYoungGen      total 926208K, used 9991K [0x0000000780000000, 0x00000007c0000000, 0x00000007c0000000)
  eden space 802304K, 0% used [0x0000000780000000,0x0000000780000000,0x00000007b0f80000)
  from space 123904K, 8% used [0x00000007b8700000,0x00000007b90c1e50,0x00000007c0000000)
  to   space 122368K, 0% used [0x00000007b0f80000,0x00000007b0f80000,0x00000007b8700000)
 ParOldGen       total 2097152K, used 589382K [0x0000000700000000, 0x0000000780000000, 0x0000000780000000)
  object space 2097152K, 28% used [0x0000000700000000,0x0000000723f918d0,0x0000000780000000)
 Metaspace       used 88277K, capacity 88956K, committed 89816K, reserved 1126400K
  class space    used 12529K, capacity 12677K, committed 12800K, reserved 1048576K
}
Event: 786.089 GC heap before
{Heap before GC invocations=49 (full 7):
 PSYoungGen      total 926208K, used 9991K [0x0000000780000000, 0x00000007c0000000, 0x00000007c0000000)
  eden space 802304K, 0% used [0x0000000780000000,0x0000000780000000,0x00000007b0f80000)
  from space 123904K, 8% used [0x00000007b8700000,0x00000007b90c1e50,0x00000007c0000000)
  to   space 122368K, 0% used [0x00000007b0f80000,0x00000007b0f80000,0x00000007b8700000)
 ParOldGen       total 2097152K, used 589382K [0x0000000700000000, 0x0000000780000000, 0x0000000780000000)
  object space 2097152K, 28% used [0x0000000700000000,0x0000000723f918d0,0x0000000780000000)
 Metaspace       used 88277K, capacity 88956K, committed 89816K, reserved 1126400K
  class space    used 12529K, capacity 12677K, committed 12800K, reserved 1048576K
Event: 786.964 GC heap after
Heap after GC invocations=49 (full 7):
 PSYoungGen      total 926208K, used 0K [0x0000000780000000, 0x00000007c0000000, 0x00000007c0000000)
  eden space 802304K, 0% used [0x0000000780000000,0x0000000780000000,0x00000007b0f80000)
  from space 123904K, 0% used [0x00000007b8700000,0x00000007b8700000,0x00000007c0000000)
  to   space 122368K, 0% used [0x00000007b0f80000,0x00000007b0f80000,0x00000007b8700000)
 ParOldGen       total 2097152K, used 597773K [0x0000000700000000, 0x0000000780000000, 0x0000000780000000)
  object space 2097152K, 28% used [0x0000000700000000,0x00000007247c3510,0x0000000780000000)
 Metaspace       used 88277K, capacity 88956K, committed 89816K, reserved 1126400K
  class space    used 12529K, capacity 12677K, committed 12800K, reserved 1048576K
}
Event: 787.058 GC heap before
{Heap before GC invocations=50 (full 7):
 PSYoungGen      total 926208K, used 48483K [0x0000000780000000, 0x00000007c0000000, 0x00000007c0000000)
  eden space 802304K, 6% used [0x0000000780000000,0x0000000782f58cb0,0x00000007b0f80000)
  from space 123904K, 0% used [0x00000007b8700000,0x00000007b8700000,0x00000007c0000000)
  to   space 122368K, 0% used [0x00000007b0f80000,0x00000007b0f80000,0x00000007b8700000)
 ParOldGen       total 2097152K, used 597773K [0x0000000700000000, 0x0000000780000000, 0x0000000780000000)
  object space 2097152K, 28% used [0x0000000700000000,0x00000007247c3510,0x0000000780000000)
 Metaspace       used 88283K, capacity 88956K, committed 89816K, reserved 1126400K
  class space    used 12529K, capacity 12677K, committed 12800K, reserved 1048576K
Event: 787.065 GC heap after
Heap after GC invocations=50 (full 7):
 PSYoungGen      total 924672K, used 8380K [0x0000000780000000, 0x00000007c0000000, 0x00000007c0000000)
  eden space 802304K, 0% used [0x0000000780000000,0x0000000780000000,0x00000007b0f80000)
  from space 122368K, 6% used [0x00000007b0f80000,0x00000007b17af020,0x00000007b8700000)
  to   space 120320K, 0% used [0x00000007b8a80000,0x00000007b8a80000,0x00000007c0000000)
 ParOldGen       total 2097152K, used 597773K [0x0000000700000000, 0x0000000780000000, 0x0000000780000000)
  object space 2097152K, 28% used [0x0000000700000000,0x00000007247c3510,0x0000000780000000)
 Metaspace       used 88283K, capacity 88956K, committed 89816K, reserved 1126400K
  class space    used 12529K, capacity 12677K, committed 12800K, reserved 1048576K
}
Event: 787.065 GC heap before
{Heap before GC invocations=51 (full 8):
 PSYoungGen      total 924672K, used 8380K [0x0000000780000000, 0x00000007c0000000, 0x00000007c0000000)
  eden space 802304K, 0% used [0x0000000780000000,0x0000000780000000,0x00000007b0f80000)
  from space 122368K, 6% used [0x00000007b0f80000,0x00000007b17af020,0x00000007b8700000)
  to   space 120320K, 0% used [0x00000007b8a80000,0x00000007b8a80000,0x00000007c0000000)
 ParOldGen       total 2097152K, used 597773K [0x0000000700000000, 0x0000000780000000, 0x0000000780000000)
  object space 2097152K, 28% used [0x0000000700000000,0x00000007247c3510,0x0000000780000000)
 Metaspace       used 88283K, capacity 88956K, committed 89816K, reserved 1126400K
  class space    used 12529K, capacity 12677K, committed 12800K, reserved 1048576K
Event: 787.844 GC heap after
Heap after GC invocations=51 (full 8):
 PSYoungGen      total 924672K, used 0K [0x0000000780000000, 0x00000007c0000000, 0x00000007c0000000)
  eden space 802304K, 0% used [0x0000000780000000,0x0000000780000000,0x00000007b0f80000)
  from space 122368K, 0% used [0x00000007b0f80000,0x00000007b0f80000,0x00000007b8700000)
  to   space 120320K, 0% used [0x00000007b8a80000,0x00000007b8a80000,0x00000007c0000000)
 ParOldGen       total 2097152K, used 603602K [0x0000000700000000, 0x0000000780000000, 0x0000000780000000)
  object space 2097152K, 28% used [0x0000000700000000,0x0000000724d748b8,0x0000000780000000)
 Metaspace       used 88283K, capacity 88956K, committed 89816K, reserved 1126400K
  class space    used 12529K, capacity 12677K, committed 12800K, reserved 1048576K
}

