# JRE version: Java(TM) SE Runtime Environment (8.0_77-b03) (build 1.8.0_77-b03)
# Java VM: Java HotSpot(TM) 64-Bit Server VM (25.77-b03 mixed mode windows-amd64 compressed oops)
Heap:
 PSYoungGen      total 862208K, used 338441K [0x0000000780000000, 0x00000007c0000000, 0x00000007c0000000)
  eden space 670720K, 50% used [0x0000000780000000,0x0000000794a825f0,0x00000007a8f00000)
  from space 191488K, 0% used [0x00000007b4500000,0x00000007b4500000,0x00000007c0000000)
  to   space 186368K, 0% used [0x00000007a8f00000,0x00000007a8f00000,0x00000007b4500000)
 ParOldGen       total 2097152K, used 557908K [0x0000000700000000, 0x0000000780000000, 0x0000000780000000)
  object space 2097152K, 26% used [0x0000000700000000,0x00000007220d5098,0x0000000780000000)
 Metaspace       used 88293K, capacity 88941K, committed 89816K, reserved 1126400K
  class space    used 12625K, capacity 12792K, committed 12800K, reserved 1048576K
GC Heap History (10 events):
Event: 409.394 GC heap before
{Heap before GC invocations=36 (full 6):
 PSYoungGen      total 852992K, used 36527K [0x0000000780000000, 0x00000007c0000000, 0x00000007c0000000)
  eden space 647168K, 0% used [0x0000000780000000,0x0000000780000000,0x00000007a7800000)
  from space 205824K, 17% used [0x00000007b3700000,0x00000007b5aabc50,0x00000007c0000000)
  to   space 195584K, 0% used [0x00000007a7800000,0x00000007a7800000,0x00000007b3700000)
 ParOldGen       total 2097152K, used 535361K [0x0000000700000000, 0x0000000780000000, 0x0000000780000000)
  object space 2097152K, 25% used [0x0000000700000000,0x0000000720ad06e8,0x0000000780000000)
 Metaspace       used 87651K, capacity 88239K, committed 89304K, reserved 1126400K
  class space    used 12527K, capacity 12691K, committed 12800K, reserved 1048576K
Event: 411.571 GC heap after
Heap after GC invocations=36 (full 6):
 PSYoungGen      total 852992K, used 0K [0x0000000780000000, 0x00000007c0000000, 0x00000007c0000000)
  eden space 647168K, 0% used [0x0000000780000000,0x0000000780000000,0x00000007a7800000)
  from space 205824K, 0% used [0x00000007b3700000,0x00000007b3700000,0x00000007c0000000)
  to   space 195584K, 0% used [0x00000007a7800000,0x00000007a7800000,0x00000007b3700000)
 ParOldGen       total 2097152K, used 554807K [0x0000000700000000, 0x0000000780000000, 0x0000000780000000)
  object space 2097152K, 26% used [0x0000000700000000,0x0000000721dcdc88,0x0000000780000000)
 Metaspace       used 87651K, capacity 88239K, committed 89304K, reserved 1126400K
  class space    used 12527K, capacity 12691K, committed 12800K, reserved 1048576K
}
Event: 411.622 GC heap before
{Heap before GC invocations=37 (full 6):
 PSYoungGen      total 852992K, used 23324K [0x0000000780000000, 0x00000007c0000000, 0x00000007c0000000)
  eden space 647168K, 3% used [0x0000000780000000,0x00000007816c7188,0x00000007a7800000)
  from space 205824K, 0% used [0x00000007b3700000,0x00000007b3700000,0x00000007c0000000)
  to   space 195584K, 0% used [0x00000007a7800000,0x00000007a7800000,0x00000007b3700000)
 ParOldGen       total 2097152K, used 554807K [0x0000000700000000, 0x0000000780000000, 0x0000000780000000)
  object space 2097152K, 26% used [0x0000000700000000,0x0000000721dcdc88,0x0000000780000000)
 Metaspace       used 87665K, capacity 88309K, committed 89304K, reserved 1126400K
  class space    used 12527K, capacity 12692K, committed 12800K, reserved 1048576K
Event: 411.628 GC heap after
Heap after GC invocations=37 (full 6):
 PSYoungGen      total 842752K, used 2698K [0x0000000780000000, 0x00000007c0000000, 0x00000007c0000000)
  eden space 647168K, 0% used [0x0000000780000000,0x0000000780000000,0x00000007a7800000)
  from space 195584K, 1% used [0x00000007a7800000,0x00000007a7aa2ab0,0x00000007b3700000)
  to   space 191488K, 0% used [0x00000007b4500000,0x00000007b4500000,0x00000007c0000000)
 ParOldGen       total 2097152K, used 554815K [0x0000000700000000, 0x0000000780000000, 0x0000000780000000)
  object space 2097152K, 26% used [0x0000000700000000,0x0000000721dcfc88,0x0000000780000000)
 Metaspace       used 87665K, capacity 88309K, committed 89304K, reserved 1126400K
  class space    used 12527K, capacity 12692K, committed 12800K, reserved 1048576K
}
Event: 411.628 GC heap before
{Heap before GC invocations=38 (full 7):
 PSYoungGen      total 842752K, used 2698K [0x0000000780000000, 0x00000007c0000000, 0x00000007c0000000)
  eden space 647168K, 0% used [0x0000000780000000,0x0000000780000000,0x00000007a7800000)
  from space 195584K, 1% used [0x00000007a7800000,0x00000007a7aa2ab0,0x00000007b3700000)
  to   space 191488K, 0% used [0x00000007b4500000,0x00000007b4500000,0x00000007c0000000)
 ParOldGen       total 2097152K, used 554815K [0x0000000700000000, 0x0000000780000000, 0x0000000780000000)
  object space 2097152K, 26% used [0x0000000700000000,0x0000000721dcfc88,0x0000000780000000)
 Metaspace       used 87665K, capacity 88309K, committed 89304K, reserved 1126400K
  class space    used 12527K, capacity 12692K, committed 12800K, reserved 1048576K
Event: 412.778 GC heap after
Heap after GC invocations=38 (full 7):
 PSYoungGen      total 842752K, used 0K [0x0000000780000000, 0x00000007c0000000, 0x00000007c0000000)
  eden space 647168K, 0% used [0x0000000780000000,0x0000000780000000,0x00000007a7800000)
  from space 195584K, 0% used [0x00000007a7800000,0x00000007a7800000,0x00000007b3700000)
  to   space 191488K, 0% used [0x00000007b4500000,0x00000007b4500000,0x00000007c0000000)
 ParOldGen       total 2097152K, used 556091K [0x0000000700000000, 0x0000000780000000, 0x0000000780000000)
  object space 2097152K, 26% used [0x0000000700000000,0x0000000721f0ed30,0x0000000780000000)
 Metaspace       used 87665K, capacity 88309K, committed 89304K, reserved 1126400K
  class space    used 12527K, capacity 12692K, committed 12800K, reserved 1048576K
}
Event: 412.862 GC heap before
{Heap before GC invocations=39 (full 7):
 PSYoungGen      total 842752K, used 23988K [0x0000000780000000, 0x00000007c0000000, 0x00000007c0000000)
  eden space 647168K, 3% used [0x0000000780000000,0x000000078176d210,0x00000007a7800000)
  from space 195584K, 0% used [0x00000007a7800000,0x00000007a7800000,0x00000007b3700000)
  to   space 191488K, 0% used [0x00000007b4500000,0x00000007b4500000,0x00000007c0000000)
 ParOldGen       total 2097152K, used 556091K [0x0000000700000000, 0x0000000780000000, 0x0000000780000000)
  object space 2097152K, 26% used [0x0000000700000000,0x0000000721f0ed30,0x0000000780000000)
 Metaspace       used 87683K, capacity 88315K, committed 89304K, reserved 1126400K
  class space    used 12528K, capacity 12693K, committed 12800K, reserved 1048576K
Event: 412.868 GC heap after
Heap after GC invocations=39 (full 7):
 PSYoungGen      total 862208K, used 2501K [0x0000000780000000, 0x00000007c0000000, 0x00000007c0000000)
  eden space 670720K, 0% used [0x0000000780000000,0x0000000780000000,0x00000007a8f00000)
  from space 191488K, 1% used [0x00000007b4500000,0x00000007b4771610,0x00000007c0000000)
  to   space 186368K, 0% used [0x00000007a8f00000,0x00000007a8f00000,0x00000007b4500000)
 ParOldGen       total 2097152K, used 556099K [0x0000000700000000, 0x0000000780000000, 0x0000000780000000)
  object space 2097152K, 26% used [0x0000000700000000,0x0000000721f10d30,0x0000000780000000)
 Metaspace       used 87683K, capacity 88315K, committed 89304K, reserved 1126400K
  class space    used 12528K, capacity 12693K, committed 12800K, reserved 1048576K
}
Event: 412.868 GC heap before
{Heap before GC invocations=40 (full 8):
 PSYoungGen      total 862208K, used 2501K [0x0000000780000000, 0x00000007c0000000, 0x00000007c0000000)
  eden space 670720K, 0% used [0x0000000780000000,0x0000000780000000,0x00000007a8f00000)
  from space 191488K, 1% used [0x00000007b4500000,0x00000007b4771610,0x00000007c0000000)
  to   space 186368K, 0% used [0x00000007a8f00000,0x00000007a8f00000,0x00000007b4500000)
 ParOldGen       total 2097152K, used 556099K [0x0000000700000000, 0x0000000780000000, 0x0000000780000000)
  object space 2097152K, 26% used [0x0000000700000000,0x0000000721f10d30,0x0000000780000000)
 Metaspace       used 87683K, capacity 88315K, committed 89304K, reserved 1126400K
  class space    used 12528K, capacity 12693K, committed 12800K, reserved 1048576K
Event: 413.865 GC heap after
Heap after GC invocations=40 (full 8):
 PSYoungGen      total 862208K, used 0K [0x0000000780000000, 0x00000007c0000000, 0x00000007c0000000)
  eden space 670720K, 0% used [0x0000000780000000,0x0000000780000000,0x00000007a8f00000)
  from space 191488K, 0% used [0x00000007b4500000,0x00000007b4500000,0x00000007c0000000)
  to   space 186368K, 0% used [0x00000007a8f00000,0x00000007a8f00000,0x00000007b4500000)
 ParOldGen       total 2097152K, used 557908K [0x0000000700000000, 0x0000000780000000, 0x0000000780000000)
  object space 2097152K, 26% used [0x0000000700000000,0x00000007220d5098,0x0000000780000000)
 Metaspace       used 87683K, capacity 88315K, committed 89304K, reserved 1126400K
  class space    used 12528K, capacity 12693K, committed 12800K, reserved 1048576K
}

