# JRE version: Java(TM) SE Runtime Environment (8.0_91-b14) (build 1.8.0_91-b14)
# Java VM: Java HotSpot(TM) 64-Bit Server VM (25.91-b14 mixed mode windows-amd64 compressed oops)
Heap:
 PSYoungGen      total 845312K, used 341700K [0x0000000780000000, 0x00000007c0000000, 0x00000007c0000000)
  eden space 632320K, 54% used [0x0000000780000000,0x0000000794db1350,0x00000007a6980000)
  from space 212992K, 0% used [0x00000007b3000000,0x00000007b3000000,0x00000007c0000000)
  to   space 203264K, 0% used [0x00000007a6980000,0x00000007a6980000,0x00000007b3000000)
 ParOldGen       total 2097152K, used 581555K [0x0000000700000000, 0x0000000780000000, 0x0000000780000000)
  object space 2097152K, 27% used [0x0000000700000000,0x00000007237ecf38,0x0000000780000000)
 Metaspace       used 85807K, capacity 86375K, committed 87384K, reserved 1124352K
  class space    used 12419K, capacity 12573K, committed 12672K, reserved 1048576K
GC Heap History (10 events):
Event: 147.360 GC heap before
{Heap before GC invocations=36 (full 6):
 PSYoungGen      total 826368K, used 18939K [0x0000000780000000, 0x00000007c0000000, 0x00000007c0000000)
  eden space 593408K, 0% used [0x0000000780000000,0x0000000780000000,0x00000007a4380000)
  from space 232960K, 8% used [0x00000007b1c80000,0x00000007b2efed08,0x00000007c0000000)
  to   space 222208K, 0% used [0x00000007a4380000,0x00000007a4380000,0x00000007b1c80000)
 ParOldGen       total 2097152K, used 567249K [0x0000000700000000, 0x0000000780000000, 0x0000000780000000)
  object space 2097152K, 27% used [0x0000000700000000,0x00000007229f47a0,0x0000000780000000)
 Metaspace       used 85157K, capacity 85667K, committed 86488K, reserved 1124352K
  class space    used 12327K, capacity 12471K, committed 12544K, reserved 1048576K
Event: 149.543 GC heap after
Heap after GC invocations=36 (full 6):
 PSYoungGen      total 826368K, used 0K [0x0000000780000000, 0x00000007c0000000, 0x00000007c0000000)
  eden space 593408K, 0% used [0x0000000780000000,0x0000000780000000,0x00000007a4380000)
  from space 232960K, 0% used [0x00000007b1c80000,0x00000007b1c80000,0x00000007c0000000)
  to   space 222208K, 0% used [0x00000007a4380000,0x00000007a4380000,0x00000007b1c80000)
 ParOldGen       total 2097152K, used 568521K [0x0000000700000000, 0x0000000780000000, 0x0000000780000000)
  object space 2097152K, 27% used [0x0000000700000000,0x0000000722b327d0,0x0000000780000000)
 Metaspace       used 85157K, capacity 85667K, committed 86488K, reserved 1124352K
  class space    used 12327K, capacity 12471K, committed 12544K, reserved 1048576K
}
Event: 149.692 GC heap before
{Heap before GC invocations=37 (full 6):
 PSYoungGen      total 826368K, used 41501K [0x0000000780000000, 0x00000007c0000000, 0x00000007c0000000)
  eden space 593408K, 6% used [0x0000000780000000,0x00000007828874b0,0x00000007a4380000)
  from space 232960K, 0% used [0x00000007b1c80000,0x00000007b1c80000,0x00000007c0000000)
  to   space 222208K, 0% used [0x00000007a4380000,0x00000007a4380000,0x00000007b1c80000)
 ParOldGen       total 2097152K, used 568521K [0x0000000700000000, 0x0000000780000000, 0x0000000780000000)
  object space 2097152K, 27% used [0x0000000700000000,0x0000000722b327d0,0x0000000780000000)
 Metaspace       used 85200K, capacity 85743K, committed 86744K, reserved 1124352K
  class space    used 12328K, capacity 12473K, committed 12544K, reserved 1048576K
Event: 149.700 GC heap after
Heap after GC invocations=37 (full 6):
 PSYoungGen      total 815616K, used 7374K [0x0000000780000000, 0x00000007c0000000, 0x00000007c0000000)
  eden space 593408K, 0% used [0x0000000780000000,0x0000000780000000,0x00000007a4380000)
  from space 222208K, 3% used [0x00000007a4380000,0x00000007a4ab3a10,0x00000007b1c80000)
  to   space 212992K, 0% used [0x00000007b3000000,0x00000007b3000000,0x00000007c0000000)
 ParOldGen       total 2097152K, used 568529K [0x0000000700000000, 0x0000000780000000, 0x0000000780000000)
  object space 2097152K, 27% used [0x0000000700000000,0x0000000722b347d0,0x0000000780000000)
 Metaspace       used 85200K, capacity 85743K, committed 86744K, reserved 1124352K
  class space    used 12328K, capacity 12473K, committed 12544K, reserved 1048576K
}
Event: 149.700 GC heap before
{Heap before GC invocations=38 (full 7):
 PSYoungGen      total 815616K, used 7374K [0x0000000780000000, 0x00000007c0000000, 0x00000007c0000000)
  eden space 593408K, 0% used [0x0000000780000000,0x0000000780000000,0x00000007a4380000)
  from space 222208K, 3% used [0x00000007a4380000,0x00000007a4ab3a10,0x00000007b1c80000)
  to   space 212992K, 0% used [0x00000007b3000000,0x00000007b3000000,0x00000007c0000000)
 ParOldGen       total 2097152K, used 568529K [0x0000000700000000, 0x0000000780000000, 0x0000000780000000)
  object space 2097152K, 27% used [0x0000000700000000,0x0000000722b347d0,0x0000000780000000)
 Metaspace       used 85200K, capacity 85743K, committed 86744K, reserved 1124352K
  class space    used 12328K, capacity 12473K, committed 12544K, reserved 1048576K
Event: 150.888 GC heap after
Heap after GC invocations=38 (full 7):
 PSYoungGen      total 815616K, used 0K [0x0000000780000000, 0x00000007c0000000, 0x00000007c0000000)
  eden space 593408K, 0% used [0x0000000780000000,0x0000000780000000,0x00000007a4380000)
  from space 222208K, 0% used [0x00000007a4380000,0x00000007a4380000,0x00000007b1c80000)
  to   space 212992K, 0% used [0x00000007b3000000,0x00000007b3000000,0x00000007c0000000)
 ParOldGen       total 2097152K, used 573924K [0x0000000700000000, 0x0000000780000000, 0x0000000780000000)
  object space 2097152K, 27% used [0x0000000700000000,0x00000007230790a8,0x0000000780000000)
 Metaspace       used 85200K, capacity 85743K, committed 86744K, reserved 1124352K
  class space    used 12328K, capacity 12473K, committed 12544K, reserved 1048576K
}
Event: 151.086 GC heap before
{Heap before GC invocations=39 (full 7):
 PSYoungGen      total 815616K, used 49856K [0x0000000780000000, 0x00000007c0000000, 0x00000007c0000000)
  eden space 593408K, 8% used [0x0000000780000000,0x00000007830b0170,0x00000007a4380000)
  from space 222208K, 0% used [0x00000007a4380000,0x00000007a4380000,0x00000007b1c80000)
  to   space 212992K, 0% used [0x00000007b3000000,0x00000007b3000000,0x00000007c0000000)
 ParOldGen       total 2097152K, used 573924K [0x0000000700000000, 0x0000000780000000, 0x0000000780000000)
  object space 2097152K, 27% used [0x0000000700000000,0x00000007230790a8,0x0000000780000000)
 Metaspace       used 85208K, capacity 85807K, committed 86744K, reserved 1124352K
  class space    used 12328K, capacity 12473K, committed 12544K, reserved 1048576K
Event: 151.097 GC heap after
Heap after GC invocations=39 (full 7):
 PSYoungGen      total 845312K, used 9156K [0x0000000780000000, 0x00000007c0000000, 0x00000007c0000000)
  eden space 632320K, 0% used [0x0000000780000000,0x0000000780000000,0x00000007a6980000)
  from space 212992K, 4% used [0x00000007b3000000,0x00000007b38f1340,0x00000007c0000000)
  to   space 203264K, 0% used [0x00000007a6980000,0x00000007a6980000,0x00000007b3000000)
 ParOldGen       total 2097152K, used 573932K [0x0000000700000000, 0x0000000780000000, 0x0000000780000000)
  object space 2097152K, 27% used [0x0000000700000000,0x000000072307b0a8,0x0000000780000000)
 Metaspace       used 85208K, capacity 85807K, committed 86744K, reserved 1124352K
  class space    used 12328K, capacity 12473K, committed 12544K, reserved 1048576K
}
Event: 151.097 GC heap before
{Heap before GC invocations=40 (full 8):
 PSYoungGen      total 845312K, used 9156K [0x0000000780000000, 0x00000007c0000000, 0x00000007c0000000)
  eden space 632320K, 0% used [0x0000000780000000,0x0000000780000000,0x00000007a6980000)
  from space 212992K, 4% used [0x00000007b3000000,0x00000007b38f1340,0x00000007c0000000)
  to   space 203264K, 0% used [0x00000007a6980000,0x00000007a6980000,0x00000007b3000000)
 ParOldGen       total 2097152K, used 573932K [0x0000000700000000, 0x0000000780000000, 0x0000000780000000)
  object space 2097152K, 27% used [0x0000000700000000,0x000000072307b0a8,0x0000000780000000)
 Metaspace       used 85208K, capacity 85807K, committed 86744K, reserved 1124352K
  class space    used 12328K, capacity 12473K, committed 12544K, reserved 1048576K
Event: 152.757 GC heap after
Heap after GC invocations=40 (full 8):
 PSYoungGen      total 845312K, used 0K [0x0000000780000000, 0x00000007c0000000, 0x00000007c0000000)
  eden space 632320K, 0% used [0x0000000780000000,0x0000000780000000,0x00000007a6980000)
  from space 212992K, 0% used [0x00000007b3000000,0x00000007b3000000,0x00000007c0000000)
  to   space 203264K, 0% used [0x00000007a6980000,0x00000007a6980000,0x00000007b3000000)
 ParOldGen       total 2097152K, used 581555K [0x0000000700000000, 0x0000000780000000, 0x0000000780000000)
  object space 2097152K, 27% used [0x0000000700000000,0x00000007237ecf38,0x0000000780000000)
 Metaspace       used 85208K, capacity 85807K, committed 86744K, reserved 1124352K
  class space    used 12328K, capacity 12473K, committed 12544K, reserved 1048576K
}

